<?xml version="1.0" encoding="UTF-8"?>
<!-- Generated by org.testng.reporters.JUnitReportReporter -->
<testsuite hostname="DESKTOP-OF4HDLS" failures="0" tests="1" name="TESTINGEXECUTION.Account_Creation" time="0.022" errors="0" timestamp="2024-03-04T15:33:13 IST" skipped="0">
  <testcase classname="TESTINGEXECUTION.Account_Creation" name="DeleteAccount" time="0.022">
    <system-out>
      <![CDATA[Account Deleted]]>
    </system-out>
  </testcase> <!-- DeleteAccount -->
  <system-out>
    <![CDATA[Account Deleted]]>
  </system-out>
</testsuite> <!-- TESTINGEXECUTION.Account_Creation -->
