<?xml version="1.0" encoding="UTF-8"?>
<!-- Generated by org.testng.reporters.JUnitReportReporter -->
<testsuite hostname="DESKTOP-OF4HDLS" failures="0" tests="1" name="com.parameterization.TestData_Provider" time="5.519" errors="0" timestamp="2024-02-21T15:32:04 IST" skipped="0">
  <testcase classname="com.parameterization.TestData_Provider" name="TestLogin" time="5.519"/>
</testsuite> <!-- com.parameterization.TestData_Provider -->
