<?xml version="1.0" encoding="UTF-8"?>
<!-- Generated by org.testng.reporters.JUnitReportReporter -->
<testsuite hostname="DESKTOP-OF4HDLS" failures="0" tests="1" name="com.parameterization.Test_Script01" time="15.004" errors="0" timestamp="2024-02-21T15:22:39 IST" skipped="0">
  <testcase classname="com.parameterization.Test_Script01" name="TestLogin" time="15.004"/>
</testsuite> <!-- com.parameterization.Test_Script01 -->
