<?xml version="1.0" encoding="UTF-8"?>
<!-- Generated by org.testng.reporters.JUnitReportReporter -->
<testsuite hostname="DESKTOP-OF4HDLS" failures="0" tests="1" name="Test_Script1.NewTest" time="0.041" errors="0" timestamp="2024-02-19T19:34:52 IST" skipped="0">
  <testcase classname="Test_Script1.NewTest" name="f" time="0.041">
    <system-out>
      <![CDATA[TestScript]]>
    </system-out>
  </testcase> <!-- f -->
  <system-out>
    <![CDATA[TestScript]]>
  </system-out>
</testsuite> <!-- Test_Script1.NewTest -->
