<?xml version="1.0" encoding="UTF-8"?>
<!-- Generated by org.testng.reporters.JUnitReportReporter -->
<testsuite hostname="DESKTOP-OF4HDLS" failures="0" tests="3" name="TESTINGEXECUTION.CreateAccount" time="38.574" errors="0" timestamp="2024-02-23T14:11:27 IST" skipped="0">
  <testcase classname="TESTINGEXECUTION.CreateAccount" name="Create" time="5.963"/>
  <testcase classname="TESTINGEXECUTION.CreateAccount" name="Create" time="9.922"/>
  <testcase classname="TESTINGEXECUTION.CreateAccount" name="Create" time="22.689"/>
  <system-out>
    <![CDATA[CreateEXECUTION IS PASS
FBLoginEXECUTION IS PASS
CreateEXECUTION IS PASS
FBLoginEXECUTION IS PASS
CreateEXECUTION IS PASS
FBLoginEXECUTION IS PASS]]>
  </system-out>
</testsuite> <!-- TESTINGEXECUTION.CreateAccount -->
