<?xml version="1.0" encoding="UTF-8"?>
<!-- Generated by org.testng.reporters.JUnitReportReporter -->
<testsuite hostname="DESKTOP-OF4HDLS" failures="0" tests="4" name="TESTINGEXECUTION.Invocation" time="0.038" errors="0" timestamp="2024-03-04T15:39:55 IST" skipped="0">
  <testcase classname="TESTINGEXECUTION.Invocation" name="AccountUpdated" time="0.003">
    <system-out>
      <![CDATA[Account has Been Updated]]>
    </system-out>
  </testcase> <!-- AccountUpdated -->
  <testcase classname="TESTINGEXECUTION.Invocation" name="AccountUpdated" time="0.028">
    <system-out>
      <![CDATA[Account has Been Updated]]>
    </system-out>
  </testcase> <!-- AccountUpdated -->
  <testcase classname="TESTINGEXECUTION.Invocation" name="AccountUpdated" time="0.004">
    <system-out>
      <![CDATA[Account has Been Updated]]>
    </system-out>
  </testcase> <!-- AccountUpdated -->
  <testcase classname="TESTINGEXECUTION.Invocation" name="AccountUpdated" time="0.003">
    <system-out>
      <![CDATA[Account has Been Updated]]>
    </system-out>
  </testcase> <!-- AccountUpdated -->
  <system-out>
    <![CDATA[Account has Been Updated
Account has Been Updated
Account has Been Updated
Account has Been Updated]]>
  </system-out>
</testsuite> <!-- TESTINGEXECUTION.Invocation -->
