<?xml version="1.0" encoding="UTF-8"?>
<!-- Generated by org.testng.reporters.JUnitReportReporter -->
<testsuite hostname="DESKTOP-OF4HDLS" failures="0" tests="2" name="TESTINGEXECUTION.Test_Script" time="0.027" errors="0" timestamp="2024-03-04T15:18:32 IST" skipped="0">
  <testcase classname="TESTINGEXECUTION.Test_Script" name="txt" time="0.022">
    <system-out>
      <![CDATA[Rutik]]>
    </system-out>
  </testcase> <!-- txt -->
  <testcase classname="TESTINGEXECUTION.Test_Script" name="txt1" time="0.005">
    <system-out>
      <![CDATA[Abhi]]>
    </system-out>
  </testcase> <!-- txt1 -->
  <system-out>
    <![CDATA[Rutik
Abhi]]>
  </system-out>
</testsuite> <!-- TESTINGEXECUTION.Test_Script -->
