<?xml version="1.0" encoding="UTF-8"?>
<!-- Generated by org.testng.reporters.JUnitReportReporter -->
<testsuite hostname="DESKTOP-OF4HDLS" failures="0" tests="2" name="com.parameterization.Data_Provider" time="0.017" errors="0" timestamp="2024-02-20T13:59:55 IST" skipped="0">
  <testcase classname="com.parameterization.Data_Provider" name="signup" time="0.013">
    <system-out>
      <![CDATA[Admin1
Manager1]]>
    </system-out>
  </testcase> <!-- signup -->
  <testcase classname="com.parameterization.Data_Provider" name="signup" time="0.004">
    <system-out>
      <![CDATA[Admin2
Manager2]]>
    </system-out>
  </testcase> <!-- signup -->
  <system-out>
    <![CDATA[Admin1
Manager1
Admin2
Manager2]]>
  </system-out>
</testsuite> <!-- com.parameterization.Data_Provider -->
