<?xml version="1.0" encoding="UTF-8"?>
<!-- Generated by org.testng.reporters.JUnitReportReporter -->
<testsuite hostname="DESKTOP-OF4HDLS" failures="0" tests="1" name="Data_Driven.Register" time="43.791" errors="0" timestamp="2024-03-06T20:18:06 IST" skipped="0">
  <testcase classname="Data_Driven.Register" name="Register" time="43.791"/>
</testsuite> <!-- Data_Driven.Register -->
